2026-02-12 13:46:28,373 - ERROR - HTTP Error 404: {"quoteSummary":{"result":null,"error":{"code":"Not Found","description":"Quote not found for symbol: SES.WS"}}}
2026-02-12 13:46:37,269 - ERROR - HTTP Error 404: {"quoteSummary":{"result":null,"error":{"code":"Not Found","description":"Quote not found for symbol: SES.WS"}}}
2026-02-12 13:46:52,615 - ERROR - $SES.WS: possibly delisted; no timezone found
2026-02-12 13:47:05,369 - ERROR - HTTP Error 404: {"quoteSummary":{"result":null,"error":{"code":"Not Found","description":"Quote not found for symbol: SES.WS"}}}
2026-02-12 13:48:44,241 - ERROR - HTTP Error 404: {"quoteSummary":{"result":null,"error":{"code":"Not Found","description":"Quote not found for symbol: SES.WS"}}}
2026-02-12 13:48:55,013 - ERROR - HTTP Error 404: {"quoteSummary":{"result":null,"error":{"code":"Not Found","description":"Quote not found for symbol: SES.WS"}}}
2026-02-12 13:49:02,788 - ERROR - HTTP Error 404: {"quoteSummary":{"result":null,"error":{"code":"Not Found","description":"Quote not found for symbol: SES.WS"}}}
2026-02-12 13:50:50,180 - ERROR - HTTP Error 404: {"quoteSummary":{"result":null,"error":{"code":"Not Found","description":"Quote not found for symbol: SES.WS"}}}
2026-02-12 13:50:51,417 - ERROR - $SES.WS: possibly delisted; no timezone found
2026-02-12 13:50:51,811 - ERROR - HTTP Error 404: {"quoteSummary":{"result":null,"error":{"code":"Not Found","description":"Quote not found for symbol: SES.WS"}}}
2026-02-12 15:05:16,669 - ERROR - HTTP Error 404: {"quoteSummary":{"result":null,"error":{"code":"Not Found","description":"Quote not found for symbol: ACHR.WS"}}}
2026-02-12 15:05:16,899 - ERROR - $ACHR.WS: possibly delisted; no timezone found
2026-02-12 15:05:17,442 - ERROR - HTTP Error 404: {"quoteSummary":{"result":null,"error":{"code":"Not Found","description":"Quote not found for symbol: ACHR.WS"}}}
2026-02-12 15:05:51,457 - ERROR - $AGM.A: possibly delisted; no timezone found
2026-02-12 15:05:52,047 - ERROR - HTTP Error 404: {"quoteSummary":{"result":null,"error":{"code":"Not Found","description":"Quote not found for symbol: AGM.A"}}}
2026-02-12 15:06:18,496 - ERROR - $AKO.A: possibly delisted; no timezone found
2026-02-12 15:06:19,198 - ERROR - HTTP Error 404: {"quoteSummary":{"result":null,"error":{"code":"Not Found","description":"Quote not found for symbol: AKO.A"}}}
2026-02-12 15:06:20,248 - ERROR - $AKO.B: possibly delisted; no timezone found
2026-02-12 15:06:20,785 - ERROR - HTTP Error 404: {"quoteSummary":{"result":null,"error":{"code":"Not Found","description":"Quote not found for symbol: AKO.B"}}}
2026-02-12 15:06:41,768 - ERROR - $ALUR.WS: possibly delisted; no timezone found
2026-02-12 15:06:42,298 - ERROR - HTTP Error 404: {"quoteSummary":{"result":null,"error":{"code":"Not Found","description":"Quote not found for symbol: ALUR.WS"}}}
2026-02-12 15:06:54,430 - ERROR - $AMPX.WS: possibly delisted; no timezone found
2026-02-12 15:06:55,012 - ERROR - HTTP Error 404: {"quoteSummary":{"result":null,"error":{"code":"Not Found","description":"Quote not found for symbol: AMPX.WS"}}}
2026-02-12 15:09:14,308 - ERROR - $BBAI.WS: possibly delisted; no timezone found
2026-02-12 15:09:14,837 - ERROR - HTTP Error 404: {"quoteSummary":{"result":null,"error":{"code":"Not Found","description":"Quote not found for symbol: BBAI.WS"}}}
2026-02-12 15:09:17,525 - ERROR - $BBBY.WS: possibly delisted; no timezone found
2026-02-12 15:09:18,049 - ERROR - HTTP Error 404: {"quoteSummary":{"result":null,"error":{"code":"Not Found","description":"Quote not found for symbol: BBBY.WS"}}}
2026-02-12 15:09:48,479 - ERROR - $BF.A: possibly delisted; no timezone found
2026-02-12 15:09:49,564 - ERROR - $BF.B: possibly delisted; no price data found  (1d 1927-03-09 -> 2026-02-12)
2026-02-12 15:09:50,448 - ERROR - HTTP Error 404: {"quoteSummary":{"result":null,"error":{"code":"Not Found","description":"No fundamentals data found for symbol: BF.B"}}}
2026-02-12 15:10:02,995 - ERROR - $BH.A: possibly delisted; no timezone found
2026-02-12 15:10:03,592 - ERROR - HTTP Error 404: {"quoteSummary":{"result":null,"error":{"code":"Not Found","description":"Quote not found for symbol: BH.A"}}}
2026-02-12 15:10:15,001 - ERROR - $BIO.B: possibly delisted; no price data found  (1d 1927-03-09 -> 2026-02-12)
2026-02-12 15:10:15,523 - ERROR - HTTP Error 404: {"quoteSummary":{"result":null,"error":{"code":"Not Found","description":"No fundamentals data found for symbol: BIO.B"}}}
2026-02-12 15:10:25,579 - ERROR - $BKKT.WS: possibly delisted; no timezone found
2026-02-12 15:10:26,104 - ERROR - HTTP Error 404: {"quoteSummary":{"result":null,"error":{"code":"Not Found","description":"Quote not found for symbol: BKKT.WS"}}}
2026-02-12 15:10:28,826 - ERROR - $BKSY.WS: possibly delisted; no timezone found
2026-02-12 15:10:29,414 - ERROR - HTTP Error 404: {"quoteSummary":{"result":null,"error":{"code":"Not Found","description":"Quote not found for symbol: BKSY.WS"}}}
2026-02-12 15:11:05,735 - ERROR - $BRK.A: possibly delisted; no timezone found
2026-02-12 15:11:06,959 - ERROR - $BRK.B: possibly delisted; no timezone found
2026-02-12 15:14:40,037 - ERROR - $CRD.A: possibly delisted; no timezone found
2026-02-12 15:14:40,653 - ERROR - HTTP Error 404: {"quoteSummary":{"result":null,"error":{"code":"Not Found","description":"Quote not found for symbol: CRD.A"}}}
2026-02-12 15:14:41,572 - ERROR - $CRD.B: possibly delisted; no timezone found
2026-02-12 15:15:40,811 - ERROR - $CWEN.A: possibly delisted; no timezone found
2026-02-12 15:15:41,334 - ERROR - HTTP Error 404: {"quoteSummary":{"result":null,"error":{"code":"Not Found","description":"Quote not found for symbol: CWEN.A"}}}
2026-02-12 15:18:57,778 - ERROR - $EONR.WS: possibly delisted; no timezone found
2026-02-12 15:18:58,353 - ERROR - HTTP Error 404: {"quoteSummary":{"result":null,"error":{"code":"Not Found","description":"Quote not found for symbol: EONR.WS"}}}
2026-02-12 15:19:39,274 - ERROR - $EVEX.WS: possibly delisted; no timezone found
2026-02-12 15:19:40,124 - ERROR - HTTP Error 404: {"quoteSummary":{"result":null,"error":{"code":"Not Found","description":"Quote not found for symbol: EVEX.WS"}}}
2026-02-12 15:20:53,417 - ERROR - $FLYX.WS: possibly delisted; no timezone found
2026-02-12 15:20:54,003 - ERROR - HTTP Error 404: {"quoteSummary":{"result":null,"error":{"code":"Not Found","description":"Quote not found for symbol: FLYX.WS"}}}
2026-02-12 15:21:52,088 - ERROR - $GCTS.WS: possibly delisted; no timezone found
2026-02-12 15:21:52,617 - ERROR - HTTP Error 404: {"quoteSummary":{"result":null,"error":{"code":"Not Found","description":"Quote not found for symbol: GCTS.WS"}}}
2026-02-12 15:22:04,445 - ERROR - $GEF.B: possibly delisted; no price data found  (1d 1927-03-09 -> 2026-02-12)
2026-02-12 15:22:04,968 - ERROR - HTTP Error 404: {"quoteSummary":{"result":null,"error":{"code":"Not Found","description":"No fundamentals data found for symbol: GEF.B"}}}
2026-02-12 15:22:37,029 - ERROR - $GME.WS: possibly delisted; no timezone found
2026-02-12 15:22:37,609 - ERROR - HTTP Error 404: {"quoteSummary":{"result":null,"error":{"code":"Not Found","description":"Quote not found for symbol: GME.WS"}}}
2026-02-12 15:23:19,729 - ERROR - $GTN.A: possibly delisted; no timezone found
2026-02-12 15:23:20,287 - ERROR - HTTP Error 404: {"quoteSummary":{"result":null,"error":{"code":"Not Found","description":"Quote not found for symbol: GTN.A"}}}
2026-02-12 15:23:52,846 - ERROR - $HEI.A: possibly delisted; no timezone found
2026-02-12 15:25:00,165 - ERROR - $HVT.A: possibly delisted; no timezone found
2026-02-12 15:25:00,754 - ERROR - HTTP Error 404: {"quoteSummary":{"result":null,"error":{"code":"Not Found","description":"Quote not found for symbol: HVT.A"}}}
2026-02-12 15:26:04,486 - ERROR - $IONQ.WS: possibly delisted; no timezone found
2026-02-12 15:26:05,030 - ERROR - HTTP Error 404: {"quoteSummary":{"result":null,"error":{"code":"Not Found","description":"Quote not found for symbol: IONQ.WS"}}}
2026-02-12 15:29:19,029 - ERROR - $LVWR.WS: possibly delisted; no timezone found
2026-02-12 15:29:19,609 - ERROR - HTTP Error 404: {"quoteSummary":{"result":null,"error":{"code":"Not Found","description":"Quote not found for symbol: LVWR.WS"}}}
2026-02-12 15:30:52,868 - ERROR - $MKC.V: possibly delisted; no timezone found
2026-02-12 15:30:53,753 - ERROR - HTTP Error 404: {"quoteSummary":{"result":null,"error":{"code":"Not Found","description":"Quote not found for symbol: MKC.V"}}}
2026-02-12 15:31:16,652 - ERROR - $MOG.A: possibly delisted; no timezone found
2026-02-12 15:31:18,411 - ERROR - $MOG.B: possibly delisted; no timezone found
2026-02-12 15:31:19,065 - ERROR - HTTP Error 404: {"quoteSummary":{"result":null,"error":{"code":"Not Found","description":"Quote not found for symbol: MOG.B"}}}
2026-02-12 15:34:09,498 - ERROR - $NOTE.WS: possibly delisted; no timezone found
2026-02-12 15:34:10,892 - ERROR - HTTP Error 404: {"quoteSummary":{"result":null,"error":{"code":"Not Found","description":"Quote not found for symbol: NOTE.WS"}}}
2026-02-12 15:34:25,978 - ERROR - $NPWR.WS: possibly delisted; no timezone found
2026-02-12 15:34:26,556 - ERROR - HTTP Error 404: {"quoteSummary":{"result":null,"error":{"code":"Not Found","description":"Quote not found for symbol: NPWR.WS"}}}
2026-02-12 15:35:02,038 - ERROR - $NWAX.U: possibly delisted; no timezone found
2026-02-12 15:35:02,901 - ERROR - HTTP Error 404: {"quoteSummary":{"result":null,"error":{"code":"Not Found","description":"Quote not found for symbol: NWAX.U"}}}
2026-02-12 15:35:04,060 - ERROR - $NWAX.WS: possibly delisted; no timezone found
2026-02-12 15:35:04,665 - ERROR - HTTP Error 404: {"quoteSummary":{"result":null,"error":{"code":"Not Found","description":"Quote not found for symbol: NWAX.WS"}}}
2026-02-12 15:37:23,160 - ERROR - $PEW.WS: possibly delisted; no timezone found
2026-02-12 15:37:23,726 - ERROR - HTTP Error 404: {"quoteSummary":{"result":null,"error":{"code":"Not Found","description":"Quote not found for symbol: PEW.WS"}}}
2026-02-12 15:38:02,028 - ERROR - $PL.WS: possibly delisted; no timezone found
2026-02-12 15:38:02,834 - ERROR - HTTP Error 404: {"quoteSummary":{"result":null,"error":{"code":"Not Found","description":"Quote not found for symbol: PL.WS"}}}
2026-02-12 15:39:01,779 - ERROR - $PSQH.WS: possibly delisted; no timezone found
2026-02-12 15:39:02,530 - ERROR - HTTP Error 404: {"quoteSummary":{"result":null,"error":{"code":"Not Found","description":"Quote not found for symbol: PSQH.WS"}}}
2026-02-12 15:42:14,761 - ERROR - $SES.WS: possibly delisted; no timezone found
2026-02-12 15:42:15,583 - ERROR - HTTP Error 404: {"quoteSummary":{"result":null,"error":{"code":"Not Found","description":"Quote not found for symbol: SES.WS"}}}
2026-02-12 15:42:51,887 - ERROR - $SKYH.WS: possibly delisted; no timezone found
2026-02-12 15:42:52,679 - ERROR - HTTP Error 404: {"quoteSummary":{"result":null,"error":{"code":"Not Found","description":"Quote not found for symbol: SKYH.WS"}}}
2026-02-12 15:44:36,766 - ERROR - HTTP Error 404: {"quoteSummary":{"result":null,"error":{"code":"Not Found","description":"No fundamentals data found for symbol: SWZ"}}}
2026-02-12 15:44:52,267 - ERROR - $TAP.A: possibly delisted; no timezone found
2026-02-12 15:44:52,914 - ERROR - HTTP Error 404: {"quoteSummary":{"result":null,"error":{"code":"Not Found","description":"Quote not found for symbol: TAP.A"}}}
2026-02-12 15:45:13,437 - ERROR - $TE.WS: possibly delisted; no timezone found
2026-02-12 15:45:14,290 - ERROR - HTTP Error 404: {"quoteSummary":{"result":null,"error":{"code":"Not Found","description":"Quote not found for symbol: TE.WS"}}}
2026-02-12 15:47:25,700 - ERROR - $UHAL.B: possibly delisted; no price data found  (1d 1927-03-09 -> 2026-02-12)
2026-02-12 15:47:26,511 - ERROR - HTTP Error 404: {"quoteSummary":{"result":null,"error":{"code":"Not Found","description":"No fundamentals data found for symbol: UHAL.B"}}}
2026-02-12 15:50:25,917 - ERROR - $WSO.B: possibly delisted; no timezone found
2026-02-12 15:50:26,581 - ERROR - HTTP Error 404: {"quoteSummary":{"result":null,"error":{"code":"Not Found","description":"Quote not found for symbol: WSO.B"}}}
2026-02-12 15:51:31,648 - ERROR - AIM2.MI: Period 'max' is invalid, must be one of: 1d, 5d
2026-02-12 15:52:25,186 - ERROR - $MLADE.BR: possibly delisted; no timezone found
2026-02-12 15:52:25,857 - ERROR - HTTP Error 404: {"quoteSummary":{"result":null,"error":{"code":"Not Found","description":"Quote not found for symbol: MLADE.BR"}}}
2026-02-12 15:52:40,775 - ERROR - AEDES.MI: auto_adjust failed with unsupported operand type(s) for /: 'str' and 'float'
2026-02-12 15:53:06,067 - ERROR - HTTP Error 404: {"quoteSummary":{"result":null,"error":{"code":"Not Found","description":"No fundamentals data found for symbol: MLAGP.PA"}}}
2026-02-12 15:54:23,164 - ERROR - MLASO.PA: Period 'max' is invalid, must be one of: 1d, 5d
2026-02-12 15:54:44,267 - ERROR - MLARE.PA: Period 'max' is invalid, must be one of: 1d, 5d
2026-02-12 15:54:55,604 - ERROR - $MLARR.LS: possibly delisted; no timezone found
2026-02-12 15:54:56,338 - ERROR - HTTP Error 404: {"quoteSummary":{"result":null,"error":{"code":"Not Found","description":"Quote not found for symbol: MLARR.LS"}}}
2026-02-12 15:55:32,747 - ERROR - MLAST.PA: Period 'max' is invalid, must be one of: 1d, 5d
2026-02-12 15:56:22,643 - ERROR - HTTP Error 404: {"quoteSummary":{"result":null,"error":{"code":"Not Found","description":"No fundamentals data found for symbol: MLAZL.PA"}}}
2026-02-12 15:57:10,034 - ERROR - MLBAR.PA: Period 'max' is invalid, must be one of: 1d, 5d
2026-02-12 15:57:41,917 - ERROR - $TRAIN.MI: possibly delisted; no timezone found
2026-02-12 15:57:42,637 - ERROR - HTTP Error 404: {"quoteSummary":{"result":null,"error":{"code":"Not Found","description":"Quote not found for symbol: TRAIN.MI"}}}
2026-02-12 15:57:56,433 - ERROR - $MLNOX.PA: possibly delisted; no timezone found
2026-02-12 15:57:57,090 - ERROR - HTTP Error 404: {"quoteSummary":{"result":null,"error":{"code":"Not Found","description":"Quote not found for symbol: MLNOX.PA"}}}
2026-02-12 15:58:27,859 - ERROR - HTTP Error 404: {"quoteSummary":{"result":null,"error":{"code":"Not Found","description":"No fundamentals data found for symbol: BF.MI"}}}
2026-02-12 16:01:58,793 - ERROR - HTTP Error 404: {"quoteSummary":{"result":null,"error":{"code":"Not Found","description":"No fundamentals data found for symbol: MLMFI.PA"}}}
2026-02-12 16:02:14,895 - ERROR - MLCOE.PA: Period 'max' is invalid, must be one of: 1d, 5d
2026-02-12 16:02:18,284 - ERROR - HTTP Error 404: {"quoteSummary":{"result":null,"error":{"code":"Not Found","description":"No fundamentals data found for symbol: MLCOR.PA"}}}
2026-02-12 16:04:52,993 - ERROR - HTTP Error 404: {"quoteSummary":{"result":null,"error":{"code":"Not Found","description":"No fundamentals data found for symbol: MLEAS.PA"}}}
2026-02-12 16:05:26,753 - ERROR - $EGN.MI: possibly delisted; no timezone found
2026-02-12 16:05:27,393 - ERROR - HTTP Error 404: {"quoteSummary":{"result":null,"error":{"code":"Not Found","description":"Quote not found for symbol: EGN.MI"}}}
2026-02-12 16:06:29,217 - ERROR - HTTP Error 404: {"quoteSummary":{"result":null,"error":{"code":"Not Found","description":"No fundamentals data found for symbol: ENT.MI"}}}
2026-02-12 16:07:01,102 - ERROR - $MLESV.PA: possibly delisted; no timezone found
2026-02-12 16:07:01,640 - ERROR - HTTP Error 404: {"quoteSummary":{"result":null,"error":{"code":"Not Found","description":"Quote not found for symbol: MLESV.PA"}}}
2026-02-12 16:07:39,415 - ERROR - MLCAN.PA: Period 'max' is invalid, must be one of: 1d, 5d
2026-02-12 16:07:40,992 - ERROR - $ENXP.LS: possibly delisted; no timezone found
2026-02-12 16:07:41,541 - ERROR - HTTP Error 404: {"quoteSummary":{"result":null,"error":{"code":"Not Found","description":"Quote not found for symbol: ENXP.LS"}}}
2026-02-12 16:08:21,259 - ERROR - MLECE.PA: Period 'max' is invalid, must be one of: 1d, 5d
2026-02-12 16:10:11,255 - ERROR - $MLGSH.LS: possibly delisted; no timezone found
2026-02-12 16:10:12,158 - ERROR - HTTP Error 404: {"quoteSummary":{"result":null,"error":{"code":"Not Found","description":"Quote not found for symbol: MLGSH.LS"}}}
2026-02-12 16:10:42,661 - ERROR - $MLGNS.PA: possibly delisted; no timezone found
2026-02-12 16:10:43,358 - ERROR - HTTP Error 404: {"quoteSummary":{"result":null,"error":{"code":"Not Found","description":"Quote not found for symbol: MLGNS.PA"}}}
2026-02-12 16:11:14,592 - ERROR - $MLGL.PA: possibly delisted; no timezone found
2026-02-12 16:11:15,352 - ERROR - HTTP Error 404: {"quoteSummary":{"result":null,"error":{"code":"Not Found","description":"Quote not found for symbol: MLGL.PA"}}}
2026-02-12 16:11:19,116 - ERROR - MLNDG.PA: Period 'max' is invalid, must be one of: 1d, 5d
2026-02-12 16:11:20,629 - ERROR - $ALGBE.PA: possibly delisted; no timezone found
2026-02-12 16:11:21,220 - ERROR - HTTP Error 404: {"quoteSummary":{"result":null,"error":{"code":"Not Found","description":"Quote not found for symbol: ALGBE.PA"}}}
2026-02-12 16:12:44,554 - ERROR - MLHAY.PA: Period 'max' is invalid, must be one of: 1d, 5d
2026-02-12 16:14:39,836 - ERROR - HTTP Error 404: {"quoteSummary":{"result":null,"error":{"code":"Not Found","description":"No fundamentals data found for symbol: ILLA.MI"}}}
2026-02-12 16:14:46,290 - ERROR - $MLIME.PA: possibly delisted; no timezone found
2026-02-12 16:14:46,917 - ERROR - HTTP Error 404: {"quoteSummary":{"result":null,"error":{"code":"Not Found","description":"Quote not found for symbol: MLIME.PA"}}}
2026-02-12 16:15:28,033 - ERROR - MLINM.PA: Period 'max' is invalid, must be one of: 1d, 5d
2026-02-12 16:15:30,894 - ERROR - MLISP.PA: Period 'max' is invalid, must be one of: 1d, 5d
2026-02-12 16:15:48,972 - ERROR - HTTP Error 404: {"quoteSummary":{"result":null,"error":{"code":"Not Found","description":"No fundamentals data found for symbol: MLVIE.PA"}}}
2026-02-12 16:16:11,560 - ERROR - MLIPO.PA: Period 'max' is invalid, must be one of: 1d, 5d
2026-02-12 16:18:22,297 - ERROR - $LSSNV.PA: possibly delisted; no timezone found
2026-02-12 16:18:22,976 - ERROR - HTTP Error 404: {"quoteSummary":{"result":null,"error":{"code":"Not Found","description":"Quote not found for symbol: LSSNV.PA"}}}
2026-02-12 16:19:22,493 - ERROR - MLMAC.LS: Period 'max' is invalid, must be one of: 1d, 5d
2026-02-12 16:20:38,311 - ERROR - MLMIV.PA: Period 'max' is invalid, must be one of: 1d, 5d
2026-02-12 16:21:37,224 - ERROR - MLMR.LS: Period 'max' is invalid, must be one of: 1d, 5d
2026-02-12 16:23:36,308 - ERROR - HTTP Error 404: {"quoteSummary":{"result":null,"error":{"code":"Not Found","description":"No fundamentals data found for symbol: MLBIO.PA"}}}
2026-02-12 16:24:40,208 - ERROR - MLOKP.PA: Period 'max' is invalid, must be one of: 1d, 5d
2026-02-12 16:25:18,713 - ERROR - MLORB.PA: Period 'max' is invalid, must be one of: 1d, 5d
2026-02-12 16:26:34,585 - ERROR - INPHI.AS: Period 'max' is invalid, must be one of: 1d, 5d
2026-02-12 16:27:23,849 - ERROR - PPLAA.AS: Period 'max' is invalid, must be one of: 1d, 5d
2026-02-12 16:27:24,995 - ERROR - PPLAB.AS: Period 'max' is invalid, must be one of: 1d, 5d
2026-02-12 16:27:26,298 - ERROR - PPLA.AS: Period 'max' is invalid, must be one of: 1d, 5d
2026-02-12 16:27:27,529 - ERROR - $PRXD.MI: possibly delisted; no timezone found
2026-02-12 16:27:28,162 - ERROR - HTTP Error 404: {"quoteSummary":{"result":null,"error":{"code":"Not Found","description":"Quote not found for symbol: PRXD.MI"}}}
2026-02-12 16:27:45,233 - ERROR - HTTP Error 404: {"quoteSummary":{"result":null,"error":{"code":"Not Found","description":"No fundamentals data found for symbol: MLPRI.PA"}}}
2026-02-12 16:28:47,859 - ERROR - HTTP Error 404: {"quoteSummary":{"result":null,"error":{"code":"Not Found","description":"No fundamentals data found for symbol: REI.BR"}}}
2026-02-12 16:29:01,093 - ERROR - MLJDL.PA: Period 'max' is invalid, must be one of: 1d, 5d
2026-02-12 16:29:33,758 - ERROR - MLRSR.LS: Period 'max' is invalid, must be one of: 1d, 5d
2026-02-12 16:29:54,429 - ERROR - MLSAG.PA: Period 'max' is invalid, must be one of: 1d, 5d
2026-02-12 16:29:57,460 - ERROR - $SGONV.PA: possibly delisted; no timezone found
2026-02-12 16:29:57,986 - ERROR - HTTP Error 404: {"quoteSummary":{"result":null,"error":{"code":"Not Found","description":"Quote not found for symbol: SGONV.PA"}}}
2026-02-12 16:30:02,473 - ERROR - $MLSJA.PA: possibly delisted; no timezone found
2026-02-12 16:30:03,329 - ERROR - HTTP Error 404: {"quoteSummary":{"result":null,"error":{"code":"Not Found","description":"Quote not found for symbol: MLSJA.PA"}}}
2026-02-12 16:30:14,634 - ERROR - $SANNV.PA: possibly delisted; no timezone found
2026-02-12 16:30:15,449 - ERROR - HTTP Error 404: {"quoteSummary":{"result":null,"error":{"code":"Not Found","description":"Quote not found for symbol: SANNV.PA"}}}
2026-02-12 16:30:48,132 - ERROR - HTTP Error 404: {"quoteSummary":{"result":null,"error":{"code":"Not Found","description":"No fundamentals data found for symbol: ALSEI.PA"}}}
2026-02-12 16:31:28,507 - ERROR - HTTP Error 404: {"quoteSummary":{"result":null,"error":{"code":"Not Found","description":"No fundamentals data found for symbol: ALIE.PA"}}}
2026-02-12 16:33:34,457 - ERROR - $MLSPI.PA: possibly delisted; no timezone found
2026-02-12 16:33:35,005 - ERROR - HTTP Error 404: {"quoteSummary":{"result":null,"error":{"code":"Not Found","description":"Quote not found for symbol: MLSPI.PA"}}}
2026-02-12 16:34:28,821 - ERROR - $TFINV.PA: possibly delisted; no timezone found
2026-02-12 16:34:29,364 - ERROR - HTTP Error 404: {"quoteSummary":{"result":null,"error":{"code":"Not Found","description":"Quote not found for symbol: TFINV.PA"}}}
2026-02-12 16:35:45,834 - ERROR - HTTP Error 404: {"quoteSummary":{"result":null,"error":{"code":"Not Found","description":"No fundamentals data found for symbol: MLALE.PA"}}}
2026-02-12 16:36:08,461 - ERROR - $MLURC.PA: possibly delisted; no timezone found
2026-02-12 16:36:09,061 - ERROR - HTTP Error 404: {"quoteSummary":{"result":null,"error":{"code":"Not Found","description":"Quote not found for symbol: MLURC.PA"}}}
2026-02-12 16:36:30,243 - ERROR - MLVRE.PA: Period 'max' is invalid, must be one of: 1d, 5d
2026-02-12 16:36:59,791 - ERROR - $MLVIC.PA: possibly delisted; no timezone found
2026-02-12 16:37:00,422 - ERROR - HTTP Error 404: {"quoteSummary":{"result":null,"error":{"code":"Not Found","description":"Quote not found for symbol: MLVIC.PA"}}}
2026-02-12 16:37:03,013 - ERROR - $MLVDN.LS: possibly delisted; no timezone found
2026-02-12 16:37:03,641 - ERROR - HTTP Error 404: {"quoteSummary":{"result":null,"error":{"code":"Not Found","description":"Quote not found for symbol: MLVDN.LS"}}}
2026-02-12 16:37:36,663 - ERROR - MLVRF.PA: Period 'max' is invalid, must be one of: 1d, 5d
2026-02-13 08:32:15,219 - ERROR - HTTP Error 404: {"quoteSummary":{"result":null,"error":{"code":"Not Found","description":"Quote not found for symbol: GOOGL.NAS"}}}
